{"D:\\Qanita\\Experiments\\Task-MERN\\frontend\\src\\App.js": {"path":"D:\\Qanita\\Experiments\\Task-MERN\\frontend\\src\\App.js","statementMap":{"0":{"start":{"line":11,"column":2},"end":{"line":26,"column":4}}},"fnMap":{"0":{"name":"App","decl":{"start":{"line":10,"column":9},"end":{"line":10,"column":12}},"loc":{"start":{"line":10,"column":15},"end":{"line":27,"column":1}},"line":10}},"branchMap":{},"s":{"0":1},"f":{"0":1},"b":{},"_coverageSchema":"1a1c01bbd47fc00a2c39e90264f33305004495a9","hash":"32cfab83da6348779e7c4cf3eb21873fcb5b1898"}
,"D:\\Qanita\\Experiments\\Task-MERN\\frontend\\src\\index.js": {"path":"D:\\Qanita\\Experiments\\Task-MERN\\frontend\\src\\index.js","statementMap":{"0":{"start":{"line":8,"column":18},"end":{"line":8,"column":49}},"1":{"start":{"line":9,"column":13},"end":{"line":9,"column":34}},"2":{"start":{"line":11,"column":0},"end":{"line":17,"column":2}}},"fnMap":{},"branchMap":{},"s":{"0":0,"1":0,"2":0},"f":{},"b":{}}
,"D:\\Qanita\\Experiments\\Task-MERN\\frontend\\src\\app\\store.js": {"path":"D:\\Qanita\\Experiments\\Task-MERN\\frontend\\src\\app\\store.js","statementMap":{"0":{"start":{"line":4,"column":21},"end":{"line":9,"column":2}}},"fnMap":{},"branchMap":{},"s":{"0":1},"f":{},"b":{},"_coverageSchema":"1a1c01bbd47fc00a2c39e90264f33305004495a9","hash":"6e31bb368291e1e76e1015d3fbf1ee95762f0bd0"}
,"D:\\Qanita\\Experiments\\Task-MERN\\frontend\\src\\components\\Dashboard.js": {"path":"D:\\Qanita\\Experiments\\Task-MERN\\frontend\\src\\components\\Dashboard.js","statementMap":{"0":{"start":{"line":5,"column":18},"end":{"line":24,"column":1}},"1":{"start":{"line":6,"column":21},"end":{"line":6,"column":34}},"2":{"start":{"line":7,"column":21},"end":{"line":7,"column":53}},"3":{"start":{"line":7,"column":42},"end":{"line":7,"column":52}},"4":{"start":{"line":8,"column":4},"end":{"line":13,"column":6}},"5":{"start":{"line":9,"column":8},"end":{"line":10,"column":31}},"6":{"start":{"line":10,"column":12},"end":{"line":10,"column":31}},"7":{"start":{"line":14,"column":4},"end":{"line":23,"column":5}},"8":{"start":{"line":18,"column":55},"end":{"line":18,"column":76}}},"fnMap":{"0":{"name":"(anonymous_0)","decl":{"start":{"line":5,"column":18},"end":{"line":5,"column":19}},"loc":{"start":{"line":5,"column":24},"end":{"line":24,"column":1}},"line":5},"1":{"name":"(anonymous_1)","decl":{"start":{"line":7,"column":33},"end":{"line":7,"column":34}},"loc":{"start":{"line":7,"column":42},"end":{"line":7,"column":52}},"line":7},"2":{"name":"(anonymous_2)","decl":{"start":{"line":8,"column":14},"end":{"line":8,"column":15}},"loc":{"start":{"line":8,"column":20},"end":{"line":11,"column":9}},"line":8},"3":{"name":"(anonymous_3)","decl":{"start":{"line":18,"column":49},"end":{"line":18,"column":50}},"loc":{"start":{"line":18,"column":55},"end":{"line":18,"column":76}},"line":18}},"branchMap":{"0":{"loc":{"start":{"line":9,"column":8},"end":{"line":10,"column":31}},"type":"if","locations":[{"start":{"line":9,"column":8},"end":{"line":10,"column":31}},{"start":{},"end":{}}],"line":9}},"s":{"0":1,"1":1,"2":1,"3":2,"4":1,"5":1,"6":1,"7":1,"8":0},"f":{"0":1,"1":2,"2":1,"3":0},"b":{"0":[1,0]},"_coverageSchema":"1a1c01bbd47fc00a2c39e90264f33305004495a9","hash":"a6397e4d74d20b27af79086da86528c8a568f2cc"}
,"D:\\Qanita\\Experiments\\Task-MERN\\frontend\\src\\components\\Header.js": {"path":"D:\\Qanita\\Experiments\\Task-MERN\\frontend\\src\\components\\Header.js","statementMap":{"0":{"start":{"line":5,"column":15},"end":{"line":39,"column":1}},"1":{"start":{"line":6,"column":21},"end":{"line":6,"column":34}},"2":{"start":{"line":7,"column":21},"end":{"line":7,"column":34}},"3":{"start":{"line":8,"column":21},"end":{"line":8,"column":54}},"4":{"start":{"line":8,"column":43},"end":{"line":8,"column":53}},"5":{"start":{"line":9,"column":26},"end":{"line":13,"column":5}},"6":{"start":{"line":10,"column":8},"end":{"line":10,"column":27}},"7":{"start":{"line":11,"column":8},"end":{"line":11,"column":26}},"8":{"start":{"line":12,"column":8},"end":{"line":12,"column":22}},"9":{"start":{"line":15,"column":4},"end":{"line":38,"column":5}}},"fnMap":{"0":{"name":"(anonymous_0)","decl":{"start":{"line":5,"column":15},"end":{"line":5,"column":16}},"loc":{"start":{"line":5,"column":21},"end":{"line":39,"column":1}},"line":5},"1":{"name":"(anonymous_1)","decl":{"start":{"line":8,"column":34},"end":{"line":8,"column":35}},"loc":{"start":{"line":8,"column":43},"end":{"line":8,"column":53}},"line":8},"2":{"name":"(anonymous_2)","decl":{"start":{"line":9,"column":26},"end":{"line":9,"column":27}},"loc":{"start":{"line":9,"column":32},"end":{"line":13,"column":5}},"line":9}},"branchMap":{"0":{"loc":{"start":{"line":21,"column":14},"end":{"line":34,"column":17}},"type":"cond-expr","locations":[{"start":{"line":22,"column":16},"end":{"line":27,"column":19}},{"start":{"line":30,"column":20},"end":{"line":33,"column":23}}],"line":21},"1":{"loc":{"start":{"line":23,"column":24},"end":{"line":23,"column":41}},"type":"binary-expr","locations":[{"start":{"line":23,"column":24},"end":{"line":23,"column":28}},{"start":{"line":23,"column":32},"end":{"line":23,"column":41}}],"line":23}},"s":{"0":1,"1":2,"2":2,"3":2,"4":3,"5":2,"6":0,"7":0,"8":0,"9":2},"f":{"0":2,"1":3,"2":0},"b":{"0":[0,2],"1":[0,0]},"_coverageSchema":"1a1c01bbd47fc00a2c39e90264f33305004495a9","hash":"1a4289c3321658b6d47ad81536a74fa1be3861e7"}
,"D:\\Qanita\\Experiments\\Task-MERN\\frontend\\src\\components\\Login.js": {"path":"D:\\Qanita\\Experiments\\Task-MERN\\frontend\\src\\components\\Login.js","statementMap":{"0":{"start":{"line":7,"column":14},"end":{"line":51,"column":1}},"1":{"start":{"line":8,"column":36},"end":{"line":8,"column":73}},"2":{"start":{"line":9,"column":32},"end":{"line":9,"column":40}},"3":{"start":{"line":10,"column":21},"end":{"line":10,"column":34}},"4":{"start":{"line":11,"column":21},"end":{"line":11,"column":34}},"5":{"start":{"line":12,"column":61},"end":{"line":12,"column":93}},"6":{"start":{"line":12,"column":82},"end":{"line":12,"column":92}},"7":{"start":{"line":13,"column":4},"end":{"line":17,"column":68}},"8":{"start":{"line":14,"column":8},"end":{"line":14,"column":41}},"9":{"start":{"line":14,"column":21},"end":{"line":14,"column":41}},"10":{"start":{"line":15,"column":8},"end":{"line":15,"column":52}},"11":{"start":{"line":15,"column":31},"end":{"line":15,"column":52}},"12":{"start":{"line":16,"column":8},"end":{"line":16,"column":25}},"13":{"start":{"line":18,"column":21},"end":{"line":23,"column":5}},"14":{"start":{"line":19,"column":8},"end":{"line":22,"column":12}},"15":{"start":{"line":19,"column":34},"end":{"line":22,"column":9}},"16":{"start":{"line":24,"column":21},"end":{"line":28,"column":5}},"17":{"start":{"line":25,"column":8},"end":{"line":25,"column":27}},"18":{"start":{"line":26,"column":25},"end":{"line":26,"column":44}},"19":{"start":{"line":27,"column":8},"end":{"line":27,"column":34}},"20":{"start":{"line":29,"column":4},"end":{"line":50,"column":6}}},"fnMap":{"0":{"name":"(anonymous_0)","decl":{"start":{"line":7,"column":14},"end":{"line":7,"column":15}},"loc":{"start":{"line":7,"column":20},"end":{"line":51,"column":1}},"line":7},"1":{"name":"(anonymous_1)","decl":{"start":{"line":12,"column":73},"end":{"line":12,"column":74}},"loc":{"start":{"line":12,"column":82},"end":{"line":12,"column":92}},"line":12},"2":{"name":"(anonymous_2)","decl":{"start":{"line":13,"column":14},"end":{"line":13,"column":15}},"loc":{"start":{"line":13,"column":20},"end":{"line":17,"column":9}},"line":13},"3":{"name":"(anonymous_3)","decl":{"start":{"line":18,"column":21},"end":{"line":18,"column":22}},"loc":{"start":{"line":18,"column":26},"end":{"line":23,"column":5}},"line":18},"4":{"name":"(anonymous_4)","decl":{"start":{"line":19,"column":20},"end":{"line":19,"column":21}},"loc":{"start":{"line":19,"column":34},"end":{"line":22,"column":9}},"line":19},"5":{"name":"(anonymous_5)","decl":{"start":{"line":24,"column":21},"end":{"line":24,"column":22}},"loc":{"start":{"line":24,"column":26},"end":{"line":28,"column":5}},"line":24}},"branchMap":{"0":{"loc":{"start":{"line":14,"column":8},"end":{"line":14,"column":41}},"type":"if","locations":[{"start":{"line":14,"column":8},"end":{"line":14,"column":41}},{"start":{},"end":{}}],"line":14},"1":{"loc":{"start":{"line":15,"column":8},"end":{"line":15,"column":52}},"type":"if","locations":[{"start":{"line":15,"column":8},"end":{"line":15,"column":52}},{"start":{},"end":{}}],"line":15},"2":{"loc":{"start":{"line":15,"column":12},"end":{"line":15,"column":29}},"type":"binary-expr","locations":[{"start":{"line":15,"column":12},"end":{"line":15,"column":21}},{"start":{"line":15,"column":25},"end":{"line":15,"column":29}}],"line":15},"3":{"loc":{"start":{"line":30,"column":8},"end":{"line":49,"column":9}},"type":"cond-expr","locations":[{"start":{"line":30,"column":20},"end":{"line":30,"column":31}},{"start":{"line":31,"column":8},"end":{"line":48,"column":11}}],"line":30}},"s":{"0":1,"1":1,"2":1,"3":1,"4":1,"5":1,"6":2,"7":1,"8":1,"9":0,"10":1,"11":0,"12":1,"13":1,"14":0,"15":0,"16":1,"17":0,"18":0,"19":0,"20":1},"f":{"0":1,"1":2,"2":1,"3":0,"4":0,"5":0},"b":{"0":[0,1],"1":[0,1],"2":[1,1],"3":[0,1]},"_coverageSchema":"1a1c01bbd47fc00a2c39e90264f33305004495a9","hash":"d7dbd94d5c1386079f2b5d1bb1f0edbb9fb8502f"}
,"D:\\Qanita\\Experiments\\Task-MERN\\frontend\\src\\components\\Register.js": {"path":"D:\\Qanita\\Experiments\\Task-MERN\\frontend\\src\\components\\Register.js","statementMap":{"0":{"start":{"line":7,"column":17},"end":{"line":61,"column":1}},"1":{"start":{"line":8,"column":36},"end":{"line":8,"column":98}},"2":{"start":{"line":9,"column":49},"end":{"line":9,"column":57}},"3":{"start":{"line":10,"column":21},"end":{"line":10,"column":34}},"4":{"start":{"line":11,"column":21},"end":{"line":11,"column":34}},"5":{"start":{"line":12,"column":61},"end":{"line":12,"column":93}},"6":{"start":{"line":12,"column":82},"end":{"line":12,"column":92}},"7":{"start":{"line":13,"column":4},"end":{"line":17,"column":68}},"8":{"start":{"line":14,"column":8},"end":{"line":14,"column":41}},"9":{"start":{"line":14,"column":21},"end":{"line":14,"column":41}},"10":{"start":{"line":15,"column":8},"end":{"line":15,"column":44}},"11":{"start":{"line":15,"column":31},"end":{"line":15,"column":44}},"12":{"start":{"line":16,"column":8},"end":{"line":16,"column":25}},"13":{"start":{"line":18,"column":21},"end":{"line":23,"column":5}},"14":{"start":{"line":19,"column":8},"end":{"line":22,"column":12}},"15":{"start":{"line":19,"column":34},"end":{"line":22,"column":9}},"16":{"start":{"line":24,"column":21},"end":{"line":32,"column":5}},"17":{"start":{"line":25,"column":8},"end":{"line":25,"column":27}},"18":{"start":{"line":26,"column":8},"end":{"line":31,"column":9}},"19":{"start":{"line":27,"column":12},"end":{"line":27,"column":51}},"20":{"start":{"line":29,"column":29},"end":{"line":29,"column":54}},"21":{"start":{"line":30,"column":12},"end":{"line":30,"column":41}},"22":{"start":{"line":33,"column":4},"end":{"line":60,"column":6}}},"fnMap":{"0":{"name":"(anonymous_0)","decl":{"start":{"line":7,"column":17},"end":{"line":7,"column":18}},"loc":{"start":{"line":7,"column":23},"end":{"line":61,"column":1}},"line":7},"1":{"name":"(anonymous_1)","decl":{"start":{"line":12,"column":73},"end":{"line":12,"column":74}},"loc":{"start":{"line":12,"column":82},"end":{"line":12,"column":92}},"line":12},"2":{"name":"(anonymous_2)","decl":{"start":{"line":13,"column":14},"end":{"line":13,"column":15}},"loc":{"start":{"line":13,"column":20},"end":{"line":17,"column":9}},"line":13},"3":{"name":"(anonymous_3)","decl":{"start":{"line":18,"column":21},"end":{"line":18,"column":22}},"loc":{"start":{"line":18,"column":26},"end":{"line":23,"column":5}},"line":18},"4":{"name":"(anonymous_4)","decl":{"start":{"line":19,"column":20},"end":{"line":19,"column":21}},"loc":{"start":{"line":19,"column":34},"end":{"line":22,"column":9}},"line":19},"5":{"name":"(anonymous_5)","decl":{"start":{"line":24,"column":21},"end":{"line":24,"column":22}},"loc":{"start":{"line":24,"column":26},"end":{"line":32,"column":5}},"line":24}},"branchMap":{"0":{"loc":{"start":{"line":14,"column":8},"end":{"line":14,"column":41}},"type":"if","locations":[{"start":{"line":14,"column":8},"end":{"line":14,"column":41}},{"start":{},"end":{}}],"line":14},"1":{"loc":{"start":{"line":15,"column":8},"end":{"line":15,"column":44}},"type":"if","locations":[{"start":{"line":15,"column":8},"end":{"line":15,"column":44}},{"start":{},"end":{}}],"line":15},"2":{"loc":{"start":{"line":15,"column":12},"end":{"line":15,"column":29}},"type":"binary-expr","locations":[{"start":{"line":15,"column":12},"end":{"line":15,"column":21}},{"start":{"line":15,"column":25},"end":{"line":15,"column":29}}],"line":15},"3":{"loc":{"start":{"line":26,"column":8},"end":{"line":31,"column":9}},"type":"if","locations":[{"start":{"line":26,"column":8},"end":{"line":31,"column":9}},{"start":{"line":28,"column":15},"end":{"line":31,"column":9}}],"line":26},"4":{"loc":{"start":{"line":34,"column":8},"end":{"line":59,"column":9}},"type":"cond-expr","locations":[{"start":{"line":34,"column":20},"end":{"line":34,"column":31}},{"start":{"line":35,"column":8},"end":{"line":58,"column":11}}],"line":34}},"s":{"0":1,"1":0,"2":0,"3":0,"4":0,"5":0,"6":0,"7":0,"8":0,"9":0,"10":0,"11":0,"12":0,"13":0,"14":0,"15":0,"16":0,"17":0,"18":0,"19":0,"20":0,"21":0,"22":0},"f":{"0":0,"1":0,"2":0,"3":0,"4":0,"5":0},"b":{"0":[0,0],"1":[0,0],"2":[0,0],"3":[0,0],"4":[0,0]},"_coverageSchema":"1a1c01bbd47fc00a2c39e90264f33305004495a9","hash":"5d29dad724f85dba3c0776a7a8f249ad46beb8af"}
,"D:\\Qanita\\Experiments\\Task-MERN\\frontend\\src\\components\\Spinner.js": {"path":"D:\\Qanita\\Experiments\\Task-MERN\\frontend\\src\\components\\Spinner.js","statementMap":{"0":{"start":{"line":1,"column":16},"end":{"line":7,"column":1}},"1":{"start":{"line":2,"column":4},"end":{"line":6,"column":5}}},"fnMap":{"0":{"name":"(anonymous_0)","decl":{"start":{"line":1,"column":16},"end":{"line":1,"column":17}},"loc":{"start":{"line":1,"column":22},"end":{"line":7,"column":1}},"line":1}},"branchMap":{},"s":{"0":2,"1":1},"f":{"0":1},"b":{},"_coverageSchema":"1a1c01bbd47fc00a2c39e90264f33305004495a9","hash":"b379ef8366edca930a5874df1f6d0cf064ea2390"}
,"D:\\Qanita\\Experiments\\Task-MERN\\frontend\\src\\components\\TaskForm.js": {"path":"D:\\Qanita\\Experiments\\Task-MERN\\frontend\\src\\components\\TaskForm.js","statementMap":{"0":{"start":{"line":5,"column":17},"end":{"line":28,"column":5}},"1":{"start":{"line":6,"column":28},"end":{"line":6,"column":40}},"2":{"start":{"line":7,"column":21},"end":{"line":7,"column":34}},"3":{"start":{"line":8,"column":21},"end":{"line":8,"column":34}},"4":{"start":{"line":9,"column":21},"end":{"line":14,"column":5}},"5":{"start":{"line":10,"column":8},"end":{"line":10,"column":26}},"6":{"start":{"line":11,"column":8},"end":{"line":11,"column":39}},"7":{"start":{"line":12,"column":8},"end":{"line":12,"column":20}},"8":{"start":{"line":13,"column":8},"end":{"line":13,"column":29}},"9":{"start":{"line":15,"column":4},"end":{"line":27,"column":5}},"10":{"start":{"line":20,"column":77},"end":{"line":20,"column":100}}},"fnMap":{"0":{"name":"(anonymous_0)","decl":{"start":{"line":5,"column":17},"end":{"line":5,"column":18}},"loc":{"start":{"line":5,"column":23},"end":{"line":28,"column":5}},"line":5},"1":{"name":"(anonymous_1)","decl":{"start":{"line":9,"column":21},"end":{"line":9,"column":22}},"loc":{"start":{"line":9,"column":28},"end":{"line":14,"column":5}},"line":9},"2":{"name":"(anonymous_2)","decl":{"start":{"line":20,"column":72},"end":{"line":20,"column":73}},"loc":{"start":{"line":20,"column":77},"end":{"line":20,"column":100}},"line":20}},"branchMap":{},"s":{"0":1,"1":1,"2":1,"3":1,"4":1,"5":0,"6":0,"7":0,"8":0,"9":1,"10":0},"f":{"0":1,"1":0,"2":0},"b":{},"_coverageSchema":"1a1c01bbd47fc00a2c39e90264f33305004495a9","hash":"990b4cb6c61ae6d3b49ae831c02ac690e9d53b60"}
,"D:\\Qanita\\Experiments\\Task-MERN\\frontend\\src\\components\\TaskItem.js": {"path":"D:\\Qanita\\Experiments\\Task-MERN\\frontend\\src\\components\\TaskItem.js","statementMap":{"0":{"start":{"line":3,"column":17},"end":{"line":12,"column":2}},"1":{"start":{"line":4,"column":21},"end":{"line":4,"column":34}},"2":{"start":{"line":5,"column":4},"end":{"line":11,"column":9}},"3":{"start":{"line":8,"column":69},"end":{"line":8,"column":89}},"4":{"start":{"line":9,"column":35},"end":{"line":9,"column":65}}},"fnMap":{"0":{"name":"(anonymous_0)","decl":{"start":{"line":3,"column":17},"end":{"line":3,"column":18}},"loc":{"start":{"line":3,"column":31},"end":{"line":12,"column":2}},"line":3},"1":{"name":"(anonymous_1)","decl":{"start":{"line":8,"column":59},"end":{"line":8,"column":60}},"loc":{"start":{"line":8,"column":69},"end":{"line":8,"column":89}},"line":8},"2":{"name":"(anonymous_2)","decl":{"start":{"line":9,"column":29},"end":{"line":9,"column":30}},"loc":{"start":{"line":9,"column":35},"end":{"line":9,"column":65}},"line":9}},"branchMap":{},"s":{"0":2,"1":1,"2":1,"3":2,"4":0},"f":{"0":1,"1":2,"2":0},"b":{},"_coverageSchema":"1a1c01bbd47fc00a2c39e90264f33305004495a9","hash":"c320ee27773ff139a1359e33ae38597aefeb7426"}
,"D:\\Qanita\\Experiments\\Task-MERN\\frontend\\src\\components\\TaskList.js": {"path":"D:\\Qanita\\Experiments\\Task-MERN\\frontend\\src\\components\\TaskList.js","statementMap":{"0":{"start":{"line":7,"column":17},"end":{"line":33,"column":1}},"1":{"start":{"line":8,"column":21},"end":{"line":8,"column":34}},"2":{"start":{"line":9,"column":21},"end":{"line":9,"column":34}},"3":{"start":{"line":10,"column":51},"end":{"line":10,"column":84}},"4":{"start":{"line":10,"column":72},"end":{"line":10,"column":83}},"5":{"start":{"line":11,"column":4},"end":{"line":17,"column":6}},"6":{"start":{"line":12,"column":8},"end":{"line":12,"column":41}},"7":{"start":{"line":12,"column":21},"end":{"line":12,"column":41}},"8":{"start":{"line":13,"column":12},"end":{"line":13,"column":33}},"9":{"start":{"line":14,"column":12},"end":{"line":14,"column":43}},"10":{"start":{"line":14,"column":25},"end":{"line":14,"column":42}},"11":{"start":{"line":18,"column":4},"end":{"line":32,"column":5}},"12":{"start":{"line":23,"column":35},"end":{"line":23,"column":74}},"13":{"start":{"line":27,"column":55},"end":{"line":27,"column":68}}},"fnMap":{"0":{"name":"(anonymous_0)","decl":{"start":{"line":7,"column":17},"end":{"line":7,"column":18}},"loc":{"start":{"line":7,"column":23},"end":{"line":33,"column":1}},"line":7},"1":{"name":"(anonymous_1)","decl":{"start":{"line":10,"column":63},"end":{"line":10,"column":64}},"loc":{"start":{"line":10,"column":72},"end":{"line":10,"column":83}},"line":10},"2":{"name":"(anonymous_2)","decl":{"start":{"line":11,"column":14},"end":{"line":11,"column":15}},"loc":{"start":{"line":11,"column":20},"end":{"line":15,"column":9}},"line":11},"3":{"name":"(anonymous_3)","decl":{"start":{"line":14,"column":19},"end":{"line":14,"column":20}},"loc":{"start":{"line":14,"column":25},"end":{"line":14,"column":42}},"line":14},"4":{"name":"(anonymous_4)","decl":{"start":{"line":23,"column":27},"end":{"line":23,"column":28}},"loc":{"start":{"line":23,"column":35},"end":{"line":23,"column":74}},"line":23},"5":{"name":"(anonymous_5)","decl":{"start":{"line":27,"column":49},"end":{"line":27,"column":50}},"loc":{"start":{"line":27,"column":55},"end":{"line":27,"column":68}},"line":27}},"branchMap":{"0":{"loc":{"start":{"line":12,"column":8},"end":{"line":12,"column":41}},"type":"if","locations":[{"start":{"line":12,"column":8},"end":{"line":12,"column":41}},{"start":{},"end":{}}],"line":12},"1":{"loc":{"start":{"line":19,"column":8},"end":{"line":31,"column":9}},"type":"cond-expr","locations":[{"start":{"line":19,"column":20},"end":{"line":19,"column":31}},{"start":{"line":20,"column":12},"end":{"line":30,"column":22}}],"line":19},"2":{"loc":{"start":{"line":21,"column":17},"end":{"line":25,"column":13}},"type":"binary-expr","locations":[{"start":{"line":21,"column":17},"end":{"line":21,"column":33}},{"start":{"line":22,"column":16},"end":{"line":24,"column":22}}],"line":21}},"s":{"0":1,"1":0,"2":0,"3":0,"4":0,"5":0,"6":0,"7":0,"8":0,"9":0,"10":0,"11":0,"12":0,"13":0},"f":{"0":0,"1":0,"2":0,"3":0,"4":0,"5":0},"b":{"0":[0,0],"1":[0,0],"2":[0,0]},"_coverageSchema":"1a1c01bbd47fc00a2c39e90264f33305004495a9","hash":"edf460992662861cf563e6313659c09789bf37c9"}
,"D:\\Qanita\\Experiments\\Task-MERN\\frontend\\src\\features\\auth\\authService.js": {"path":"D:\\Qanita\\Experiments\\Task-MERN\\frontend\\src\\features\\auth\\authService.js","statementMap":{"0":{"start":{"line":2,"column":16},"end":{"line":2,"column":29}},"1":{"start":{"line":3,"column":17},"end":{"line":9,"column":1}},"2":{"start":{"line":4,"column":21},"end":{"line":4,"column":56}},"3":{"start":{"line":5,"column":4},"end":{"line":7,"column":5}},"4":{"start":{"line":6,"column":8},"end":{"line":6,"column":68}},"5":{"start":{"line":8,"column":4},"end":{"line":8,"column":25}},"6":{"start":{"line":10,"column":14},"end":{"line":16,"column":1}},"7":{"start":{"line":11,"column":21},"end":{"line":11,"column":66}},"8":{"start":{"line":12,"column":4},"end":{"line":14,"column":5}},"9":{"start":{"line":13,"column":8},"end":{"line":13,"column":68}},"10":{"start":{"line":15,"column":4},"end":{"line":15,"column":25}},"11":{"start":{"line":17,"column":15},"end":{"line":17,"column":52}},"12":{"start":{"line":17,"column":21},"end":{"line":17,"column":52}},"13":{"start":{"line":18,"column":20},"end":{"line":18,"column":47}}},"fnMap":{"0":{"name":"(anonymous_0)","decl":{"start":{"line":3,"column":17},"end":{"line":3,"column":18}},"loc":{"start":{"line":3,"column":37},"end":{"line":9,"column":1}},"line":3},"1":{"name":"(anonymous_1)","decl":{"start":{"line":10,"column":14},"end":{"line":10,"column":15}},"loc":{"start":{"line":10,"column":34},"end":{"line":16,"column":1}},"line":10},"2":{"name":"(anonymous_2)","decl":{"start":{"line":17,"column":15},"end":{"line":17,"column":16}},"loc":{"start":{"line":17,"column":21},"end":{"line":17,"column":52}},"line":17}},"branchMap":{"0":{"loc":{"start":{"line":5,"column":4},"end":{"line":7,"column":5}},"type":"if","locations":[{"start":{"line":5,"column":4},"end":{"line":7,"column":5}},{"start":{},"end":{}}],"line":5},"1":{"loc":{"start":{"line":12,"column":4},"end":{"line":14,"column":5}},"type":"if","locations":[{"start":{"line":12,"column":4},"end":{"line":14,"column":5}},{"start":{},"end":{}}],"line":12}},"s":{"0":2,"1":2,"2":0,"3":0,"4":0,"5":0,"6":2,"7":0,"8":0,"9":0,"10":0,"11":2,"12":0,"13":2},"f":{"0":0,"1":0,"2":0},"b":{"0":[0,0],"1":[0,0]},"_coverageSchema":"1a1c01bbd47fc00a2c39e90264f33305004495a9","hash":"bb68af31522ea81657f6e99c3a82ffb271cf273e"}
,"D:\\Qanita\\Experiments\\Task-MERN\\frontend\\src\\features\\auth\\authSlice.js": {"path":"D:\\Qanita\\Experiments\\Task-MERN\\frontend\\src\\features\\auth\\authSlice.js","statementMap":{"0":{"start":{"line":3,"column":18},"end":{"line":3,"column":58}},"1":{"start":{"line":4,"column":21},"end":{"line":10,"column":1}},"2":{"start":{"line":11,"column":24},"end":{"line":21,"column":1}},"3":{"start":{"line":14,"column":8},"end":{"line":19,"column":9}},"4":{"start":{"line":15,"column":12},"end":{"line":15,"column":51}},"5":{"start":{"line":17,"column":28},"end":{"line":17,"column":105}},"6":{"start":{"line":18,"column":12},"end":{"line":18,"column":52}},"7":{"start":{"line":22,"column":21},"end":{"line":32,"column":1}},"8":{"start":{"line":25,"column":8},"end":{"line":30,"column":9}},"9":{"start":{"line":26,"column":12},"end":{"line":26,"column":48}},"10":{"start":{"line":28,"column":28},"end":{"line":28,"column":105}},"11":{"start":{"line":29,"column":12},"end":{"line":29,"column":52}},"12":{"start":{"line":33,"column":22},"end":{"line":36,"column":1}},"13":{"start":{"line":35,"column":16},"end":{"line":35,"column":42}},"14":{"start":{"line":37,"column":25},"end":{"line":82,"column":2}},"15":{"start":{"line":42,"column":12},"end":{"line":42,"column":36}},"16":{"start":{"line":43,"column":12},"end":{"line":43,"column":36}},"17":{"start":{"line":44,"column":12},"end":{"line":44,"column":34}},"18":{"start":{"line":45,"column":12},"end":{"line":45,"column":31}},"19":{"start":{"line":49,"column":8},"end":{"line":80,"column":10}},"20":{"start":{"line":51,"column":12},"end":{"line":51,"column":35}},"21":{"start":{"line":54,"column":12},"end":{"line":54,"column":36}},"22":{"start":{"line":55,"column":12},"end":{"line":55,"column":35}},"23":{"start":{"line":56,"column":12},"end":{"line":56,"column":40}},"24":{"start":{"line":59,"column":12},"end":{"line":59,"column":36}},"25":{"start":{"line":60,"column":12},"end":{"line":60,"column":33}},"26":{"start":{"line":61,"column":12},"end":{"line":61,"column":51}},"27":{"start":{"line":62,"column":12},"end":{"line":62,"column":30}},"28":{"start":{"line":65,"column":12},"end":{"line":65,"column":30}},"29":{"start":{"line":68,"column":12},"end":{"line":68,"column":35}},"30":{"start":{"line":71,"column":12},"end":{"line":71,"column":36}},"31":{"start":{"line":72,"column":12},"end":{"line":72,"column":35}},"32":{"start":{"line":73,"column":12},"end":{"line":73,"column":40}},"33":{"start":{"line":76,"column":12},"end":{"line":76,"column":36}},"34":{"start":{"line":77,"column":12},"end":{"line":77,"column":33}},"35":{"start":{"line":78,"column":12},"end":{"line":78,"column":71}},"36":{"start":{"line":79,"column":12},"end":{"line":79,"column":30}},"37":{"start":{"line":83,"column":25},"end":{"line":83,"column":42}}},"fnMap":{"0":{"name":"(anonymous_0)","decl":{"start":{"line":13,"column":4},"end":{"line":13,"column":5}},"loc":{"start":{"line":13,"column":30},"end":{"line":20,"column":5}},"line":13},"1":{"name":"(anonymous_1)","decl":{"start":{"line":24,"column":4},"end":{"line":24,"column":5}},"loc":{"start":{"line":24,"column":30},"end":{"line":31,"column":5}},"line":24},"2":{"name":"(anonymous_2)","decl":{"start":{"line":35,"column":4},"end":{"line":35,"column":5}},"loc":{"start":{"line":35,"column":16},"end":{"line":35,"column":42}},"line":35},"3":{"name":"(anonymous_3)","decl":{"start":{"line":41,"column":15},"end":{"line":41,"column":16}},"loc":{"start":{"line":41,"column":24},"end":{"line":46,"column":9}},"line":41},"4":{"name":"(anonymous_4)","decl":{"start":{"line":48,"column":19},"end":{"line":48,"column":20}},"loc":{"start":{"line":48,"column":30},"end":{"line":81,"column":5}},"line":48},"5":{"name":"(anonymous_5)","decl":{"start":{"line":50,"column":35},"end":{"line":50,"column":36}},"loc":{"start":{"line":50,"column":54},"end":{"line":52,"column":9}},"line":50},"6":{"name":"(anonymous_6)","decl":{"start":{"line":53,"column":37},"end":{"line":53,"column":38}},"loc":{"start":{"line":53,"column":56},"end":{"line":57,"column":9}},"line":53},"7":{"name":"(anonymous_7)","decl":{"start":{"line":58,"column":36},"end":{"line":58,"column":37}},"loc":{"start":{"line":58,"column":55},"end":{"line":63,"column":9}},"line":58},"8":{"name":"(anonymous_8)","decl":{"start":{"line":64,"column":35},"end":{"line":64,"column":36}},"loc":{"start":{"line":64,"column":46},"end":{"line":66,"column":9}},"line":64},"9":{"name":"(anonymous_9)","decl":{"start":{"line":67,"column":32},"end":{"line":67,"column":33}},"loc":{"start":{"line":67,"column":43},"end":{"line":69,"column":9}},"line":67},"10":{"name":"(anonymous_10)","decl":{"start":{"line":70,"column":34},"end":{"line":70,"column":35}},"loc":{"start":{"line":70,"column":53},"end":{"line":74,"column":9}},"line":70},"11":{"name":"(anonymous_11)","decl":{"start":{"line":75,"column":33},"end":{"line":75,"column":34}},"loc":{"start":{"line":75,"column":52},"end":{"line":80,"column":9}},"line":75}},"branchMap":{"0":{"loc":{"start":{"line":5,"column":10},"end":{"line":5,"column":38}},"type":"cond-expr","locations":[{"start":{"line":5,"column":22},"end":{"line":5,"column":31}},{"start":{"line":5,"column":34},"end":{"line":5,"column":38}}],"line":5},"1":{"loc":{"start":{"line":17,"column":28},"end":{"line":17,"column":105}},"type":"binary-expr","locations":[{"start":{"line":17,"column":29},"end":{"line":17,"column":43}},{"start":{"line":17,"column":47},"end":{"line":17,"column":66}},{"start":{"line":17,"column":70},"end":{"line":17,"column":83}},{"start":{"line":17,"column":89},"end":{"line":17,"column":105}}],"line":17},"2":{"loc":{"start":{"line":28,"column":28},"end":{"line":28,"column":105}},"type":"binary-expr","locations":[{"start":{"line":28,"column":29},"end":{"line":28,"column":43}},{"start":{"line":28,"column":47},"end":{"line":28,"column":66}},{"start":{"line":28,"column":70},"end":{"line":28,"column":83}},{"start":{"line":28,"column":89},"end":{"line":28,"column":105}}],"line":28}},"s":{"0":2,"1":2,"2":2,"3":0,"4":0,"5":0,"6":0,"7":2,"8":0,"9":0,"10":0,"11":0,"12":2,"13":0,"14":2,"15":1,"16":1,"17":1,"18":1,"19":2,"20":0,"21":0,"22":0,"23":0,"24":0,"25":0,"26":0,"27":0,"28":0,"29":0,"30":0,"31":0,"32":0,"33":0,"34":0,"35":0,"36":0,"37":2},"f":{"0":0,"1":0,"2":0,"3":1,"4":2,"5":0,"6":0,"7":0,"8":0,"9":0,"10":0,"11":0},"b":{"0":[0,2],"1":[0,0,0,0],"2":[0,0,0,0]},"_coverageSchema":"1a1c01bbd47fc00a2c39e90264f33305004495a9","hash":"58c2511b22eb07090c8a29a4c945e6a56fd2ddab"}
,"D:\\Qanita\\Experiments\\Task-MERN\\frontend\\src\\features\\tasks\\taskService.js": {"path":"D:\\Qanita\\Experiments\\Task-MERN\\frontend\\src\\features\\tasks\\taskService.js","statementMap":{"0":{"start":{"line":2,"column":16},"end":{"line":2,"column":29}},"1":{"start":{"line":3,"column":19},"end":{"line":11,"column":1}},"2":{"start":{"line":4,"column":19},"end":{"line":8,"column":5}},"3":{"start":{"line":9,"column":21},"end":{"line":9,"column":64}},"4":{"start":{"line":10,"column":4},"end":{"line":10,"column":25}},"5":{"start":{"line":12,"column":17},"end":{"line":20,"column":1}},"6":{"start":{"line":13,"column":19},"end":{"line":17,"column":5}},"7":{"start":{"line":18,"column":21},"end":{"line":18,"column":53}},"8":{"start":{"line":19,"column":4},"end":{"line":19,"column":25}},"9":{"start":{"line":21,"column":19},"end":{"line":29,"column":1}},"10":{"start":{"line":22,"column":19},"end":{"line":26,"column":5}},"11":{"start":{"line":27,"column":21},"end":{"line":27,"column":61}},"12":{"start":{"line":28,"column":4},"end":{"line":28,"column":25}},"13":{"start":{"line":30,"column":20},"end":{"line":30,"column":56}}},"fnMap":{"0":{"name":"(anonymous_0)","decl":{"start":{"line":3,"column":19},"end":{"line":3,"column":20}},"loc":{"start":{"line":3,"column":46},"end":{"line":11,"column":1}},"line":3},"1":{"name":"(anonymous_1)","decl":{"start":{"line":12,"column":17},"end":{"line":12,"column":18}},"loc":{"start":{"line":12,"column":32},"end":{"line":20,"column":1}},"line":12},"2":{"name":"(anonymous_2)","decl":{"start":{"line":21,"column":19},"end":{"line":21,"column":20}},"loc":{"start":{"line":21,"column":40},"end":{"line":29,"column":1}},"line":21}},"branchMap":{},"s":{"0":5,"1":5,"2":0,"3":0,"4":0,"5":5,"6":1,"7":1,"8":1,"9":5,"10":0,"11":0,"12":0,"13":5},"f":{"0":0,"1":1,"2":0},"b":{},"_coverageSchema":"1a1c01bbd47fc00a2c39e90264f33305004495a9","hash":"12e3be75c3c6a6712ab54040bf0c97ecd26776c0"}
,"D:\\Qanita\\Experiments\\Task-MERN\\frontend\\src\\features\\tasks\\taskSlice.js": {"path":"D:\\Qanita\\Experiments\\Task-MERN\\frontend\\src\\features\\tasks\\taskSlice.js","statementMap":{"0":{"start":{"line":3,"column":21},"end":{"line":9,"column":1}},"1":{"start":{"line":10,"column":25},"end":{"line":58,"column":2}},"2":{"start":{"line":14,"column":24},"end":{"line":14,"column":36}},"3":{"start":{"line":17,"column":8},"end":{"line":56,"column":10}},"4":{"start":{"line":19,"column":12},"end":{"line":19,"column":35}},"5":{"start":{"line":22,"column":12},"end":{"line":22,"column":36}},"6":{"start":{"line":23,"column":12},"end":{"line":23,"column":35}},"7":{"start":{"line":24,"column":12},"end":{"line":24,"column":44}},"8":{"start":{"line":27,"column":12},"end":{"line":27,"column":36}},"9":{"start":{"line":28,"column":12},"end":{"line":28,"column":33}},"10":{"start":{"line":29,"column":12},"end":{"line":29,"column":66}},"11":{"start":{"line":32,"column":12},"end":{"line":32,"column":35}},"12":{"start":{"line":35,"column":12},"end":{"line":35,"column":36}},"13":{"start":{"line":36,"column":12},"end":{"line":36,"column":35}},"14":{"start":{"line":37,"column":12},"end":{"line":37,"column":41}},"15":{"start":{"line":40,"column":12},"end":{"line":40,"column":36}},"16":{"start":{"line":41,"column":12},"end":{"line":41,"column":33}},"17":{"start":{"line":42,"column":12},"end":{"line":42,"column":76}},"18":{"start":{"line":45,"column":12},"end":{"line":45,"column":34}},"19":{"start":{"line":48,"column":12},"end":{"line":48,"column":35}},"20":{"start":{"line":49,"column":12},"end":{"line":49,"column":34}},"21":{"start":{"line":50,"column":12},"end":{"line":50,"column":84}},"22":{"start":{"line":50,"column":53},"end":{"line":50,"column":83}},"23":{"start":{"line":53,"column":12},"end":{"line":53,"column":35}},"24":{"start":{"line":54,"column":12},"end":{"line":54,"column":32}},"25":{"start":{"line":55,"column":12},"end":{"line":55,"column":56}},"26":{"start":{"line":59,"column":26},"end":{"line":70,"column":1}},"27":{"start":{"line":62,"column":8},"end":{"line":68,"column":9}},"28":{"start":{"line":63,"column":26},"end":{"line":63,"column":61}},"29":{"start":{"line":64,"column":12},"end":{"line":64,"column":65}},"30":{"start":{"line":66,"column":28},"end":{"line":66,"column":135}},"31":{"start":{"line":67,"column":12},"end":{"line":67,"column":53}},"32":{"start":{"line":71,"column":24},"end":{"line":82,"column":1}},"33":{"start":{"line":74,"column":8},"end":{"line":80,"column":9}},"34":{"start":{"line":75,"column":26},"end":{"line":75,"column":61}},"35":{"start":{"line":76,"column":12},"end":{"line":76,"column":53}},"36":{"start":{"line":78,"column":28},"end":{"line":78,"column":134}},"37":{"start":{"line":79,"column":12},"end":{"line":79,"column":53}},"38":{"start":{"line":83,"column":26},"end":{"line":94,"column":5}},"39":{"start":{"line":86,"column":8},"end":{"line":92,"column":9}},"40":{"start":{"line":87,"column":26},"end":{"line":87,"column":61}},"41":{"start":{"line":88,"column":12},"end":{"line":88,"column":59}},"42":{"start":{"line":90,"column":28},"end":{"line":90,"column":135}},"43":{"start":{"line":91,"column":12},"end":{"line":91,"column":53}},"44":{"start":{"line":95,"column":25},"end":{"line":95,"column":42}}},"fnMap":{"0":{"name":"(anonymous_0)","decl":{"start":{"line":14,"column":15},"end":{"line":14,"column":16}},"loc":{"start":{"line":14,"column":24},"end":{"line":14,"column":36}},"line":14},"1":{"name":"(anonymous_1)","decl":{"start":{"line":16,"column":19},"end":{"line":16,"column":20}},"loc":{"start":{"line":16,"column":32},"end":{"line":57,"column":5}},"line":16},"2":{"name":"(anonymous_2)","decl":{"start":{"line":18,"column":37},"end":{"line":18,"column":38}},"loc":{"start":{"line":18,"column":48},"end":{"line":20,"column":9}},"line":18},"3":{"name":"(anonymous_3)","decl":{"start":{"line":21,"column":39},"end":{"line":21,"column":40}},"loc":{"start":{"line":21,"column":58},"end":{"line":25,"column":9}},"line":21},"4":{"name":"(anonymous_4)","decl":{"start":{"line":26,"column":38},"end":{"line":26,"column":39}},"loc":{"start":{"line":26,"column":57},"end":{"line":30,"column":9}},"line":26},"5":{"name":"(anonymous_5)","decl":{"start":{"line":31,"column":35},"end":{"line":31,"column":36}},"loc":{"start":{"line":31,"column":46},"end":{"line":33,"column":9}},"line":31},"6":{"name":"(anonymous_6)","decl":{"start":{"line":34,"column":37},"end":{"line":34,"column":38}},"loc":{"start":{"line":34,"column":56},"end":{"line":38,"column":9}},"line":34},"7":{"name":"(anonymous_7)","decl":{"start":{"line":39,"column":36},"end":{"line":39,"column":37}},"loc":{"start":{"line":39,"column":55},"end":{"line":43,"column":9}},"line":39},"8":{"name":"(anonymous_8)","decl":{"start":{"line":44,"column":37},"end":{"line":44,"column":38}},"loc":{"start":{"line":44,"column":48},"end":{"line":46,"column":9}},"line":44},"9":{"name":"(anonymous_9)","decl":{"start":{"line":47,"column":39},"end":{"line":47,"column":40}},"loc":{"start":{"line":47,"column":58},"end":{"line":51,"column":9}},"line":47},"10":{"name":"(anonymous_10)","decl":{"start":{"line":50,"column":45},"end":{"line":50,"column":46}},"loc":{"start":{"line":50,"column":53},"end":{"line":50,"column":83}},"line":50},"11":{"name":"(anonymous_11)","decl":{"start":{"line":52,"column":38},"end":{"line":52,"column":39}},"loc":{"start":{"line":52,"column":57},"end":{"line":56,"column":9}},"line":52},"12":{"name":"(anonymous_12)","decl":{"start":{"line":61,"column":4},"end":{"line":61,"column":5}},"loc":{"start":{"line":61,"column":34},"end":{"line":69,"column":5}},"line":61},"13":{"name":"(anonymous_13)","decl":{"start":{"line":73,"column":4},"end":{"line":73,"column":5}},"loc":{"start":{"line":73,"column":27},"end":{"line":81,"column":5}},"line":73},"14":{"name":"(anonymous_14)","decl":{"start":{"line":85,"column":4},"end":{"line":85,"column":5}},"loc":{"start":{"line":85,"column":28},"end":{"line":93,"column":5}},"line":85}},"branchMap":{"0":{"loc":{"start":{"line":66,"column":28},"end":{"line":66,"column":135}},"type":"binary-expr","locations":[{"start":{"line":66,"column":29},"end":{"line":66,"column":43}},{"start":{"line":66,"column":47},"end":{"line":66,"column":66}},{"start":{"line":66,"column":70},"end":{"line":66,"column":97}},{"start":{"line":66,"column":102},"end":{"line":66,"column":115}},{"start":{"line":66,"column":119},"end":{"line":66,"column":135}}],"line":66},"1":{"loc":{"start":{"line":78,"column":28},"end":{"line":78,"column":134}},"type":"binary-expr","locations":[{"start":{"line":78,"column":29},"end":{"line":78,"column":43}},{"start":{"line":78,"column":47},"end":{"line":78,"column":66}},{"start":{"line":78,"column":70},"end":{"line":78,"column":97}},{"start":{"line":78,"column":101},"end":{"line":78,"column":114}},{"start":{"line":78,"column":118},"end":{"line":78,"column":134}}],"line":78},"2":{"loc":{"start":{"line":90,"column":28},"end":{"line":90,"column":135}},"type":"binary-expr","locations":[{"start":{"line":90,"column":29},"end":{"line":90,"column":43}},{"start":{"line":90,"column":47},"end":{"line":90,"column":66}},{"start":{"line":90,"column":70},"end":{"line":90,"column":97}},{"start":{"line":90,"column":102},"end":{"line":90,"column":115}},{"start":{"line":90,"column":119},"end":{"line":90,"column":135}}],"line":90}},"s":{"0":4,"1":4,"2":0,"3":2,"4":0,"5":0,"6":0,"7":0,"8":0,"9":0,"10":0,"11":0,"12":0,"13":0,"14":0,"15":0,"16":0,"17":0,"18":0,"19":0,"20":0,"21":0,"22":0,"23":0,"24":0,"25":0,"26":4,"27":0,"28":0,"29":0,"30":0,"31":0,"32":4,"33":1,"34":1,"35":1,"36":0,"37":0,"38":4,"39":0,"40":0,"41":0,"42":0,"43":0,"44":4},"f":{"0":0,"1":2,"2":0,"3":0,"4":0,"5":0,"6":0,"7":0,"8":0,"9":0,"10":0,"11":0,"12":0,"13":1,"14":0},"b":{"0":[0,0,0,0,0],"1":[0,0,0,0,0],"2":[0,0,0,0,0]},"_coverageSchema":"1a1c01bbd47fc00a2c39e90264f33305004495a9","hash":"be6fe0b5d0c5530ccdb53148f819cc679a091c7a"}
}
